-----------------------------------------------------------------------------------------------------------
      name:  <unnamed>
       log:  C:\Users\guill\OneDrive\Desktop\GitHub\STATA_Demo\Demo.log
  log type:  text
 opened on:  23 Oct 2021, 13:13:56

.         
.         ** Loading Data
.         clear all

.         
.                 * Load data
.                 sysuse auto
(1978 Automobile Data)

. 
.         * Describe
.         des auto
variable auto not found
r(111);

end of do-file

r(111);

. exit, clear
